# JRE version: OpenJDK Runtime Environment Zulu11.62+17-CA (11.0.18+10) (build 11.0.18+10-LTS)
# Java VM: OpenJDK 64-Bit Server VM Zulu11.62+17-CA (11.0.18+10-LTS, mixed mode, tiered, compressed oops, g1 gc, windows-amd64)
Heap:
 garbage-first heap   total 312320K, used 20651K [0x0000000702200000, 0x0000000800000000)
  region size 1024K, 12 young (12288K), 12 survivors (12288K)
 Metaspace       used 47045K, capacity 48213K, committed 48252K, reserved 1091584K
  class space    used 5662K, capacity 6115K, committed 6144K, reserved 1048576K
GC Heap History (10 events):
Event: 0.450 GC heap before
{Heap before GC invocations=0 (full 0):
 garbage-first heap   total 260096K, used 24576K [0x0000000702200000, 0x0000000800000000)
  region size 1024K, 24 young (24576K), 0 survivors (0K)
 Metaspace       used 11116K, capacity 11333K, committed 11648K, reserved 1060864K
  class space    used 1031K, capacity 1092K, committed 1152K, reserved 1048576K
}
Event: 0.453 GC heap after
{Heap after GC invocations=1 (full 0):
 garbage-first heap   total 260096K, used 8530K [0x0000000702200000, 0x0000000800000000)
  region size 1024K, 3 young (3072K), 3 survivors (3072K)
 Metaspace       used 11116K, capacity 11333K, committed 11648K, reserved 1060864K
  class space    used 1031K, capacity 1092K, committed 1152K, reserved 1048576K
}
Event: 1.025 GC heap before
{Heap before GC invocations=1 (full 0):
 garbage-first heap   total 260096K, used 59730K [0x0000000702200000, 0x0000000800000000)
  region size 1024K, 54 young (55296K), 3 survivors (3072K)
 Metaspace       used 20678K, capacity 21190K, committed 21296K, reserved 1069056K
  class space    used 2271K, capacity 2432K, committed 2432K, reserved 1048576K
}
Event: 1.028 GC heap after
{Heap after GC invocations=2 (full 0):
 garbage-first heap   total 260096K, used 10754K [0x0000000702200000, 0x0000000800000000)
  region size 1024K, 6 young (6144K), 6 survivors (6144K)
 Metaspace       used 20678K, capacity 21190K, committed 21296K, reserved 1069056K
  class space    used 2271K, capacity 2432K, committed 2432K, reserved 1048576K
}
Event: 1.310 GC heap before
{Heap before GC invocations=3 (full 0):
 garbage-first heap   total 260096K, used 49666K [0x0000000702200000, 0x0000000800000000)
  region size 1024K, 45 young (46080K), 6 survivors (6144K)
 Metaspace       used 26099K, capacity 26717K, committed 26800K, reserved 1073152K
  class space    used 3020K, capacity 3247K, committed 3328K, reserved 1048576K
}
Event: 1.313 GC heap after
{Heap after GC invocations=4 (full 0):
 garbage-first heap   total 260096K, used 12534K [0x0000000702200000, 0x0000000800000000)
  region size 1024K, 4 young (4096K), 4 survivors (4096K)
 Metaspace       used 26099K, capacity 26717K, committed 26800K, reserved 1073152K
  class space    used 3020K, capacity 3247K, committed 3328K, reserved 1048576K
}
Event: 1.779 GC heap before
{Heap before GC invocations=4 (full 0):
 garbage-first heap   total 260096K, used 85238K [0x0000000702200000, 0x0000000800000000)
  region size 1024K, 76 young (77824K), 4 survivors (4096K)
 Metaspace       used 33040K, capacity 33806K, committed 33968K, reserved 1079296K
  class space    used 3796K, capacity 4076K, committed 4096K, reserved 1048576K
}
Event: 1.782 GC heap after
{Heap after GC invocations=5 (full 0):
 garbage-first heap   total 260096K, used 14704K [0x0000000702200000, 0x0000000800000000)
  region size 1024K, 7 young (7168K), 7 survivors (7168K)
 Metaspace       used 33040K, capacity 33806K, committed 33968K, reserved 1079296K
  class space    used 3796K, capacity 4076K, committed 4096K, reserved 1048576K
}
Event: 1.967 GC heap before
{Heap before GC invocations=5 (full 0):
 garbage-first heap   total 260096K, used 32112K [0x0000000702200000, 0x0000000800000000)
  region size 1024K, 25 young (25600K), 7 survivors (7168K)
 Metaspace       used 34930K, capacity 35696K, committed 35708K, reserved 1081344K
  class space    used 4024K, capacity 4343K, committed 4352K, reserved 1048576K
}
Event: 1.972 GC heap after
{Heap after GC invocations=6 (full 0):
 garbage-first heap   total 260096K, used 15785K [0x0000000702200000, 0x0000000800000000)
  region size 1024K, 8 young (8192K), 8 survivors (8192K)
 Metaspace       used 34930K, capacity 35696K, committed 35708K, reserved 1081344K
  class space    used 4024K, capacity 4343K, committed 4352K, reserved 1048576K
}

