# JRE version: OpenJDK Runtime Environment Zulu11.62+17-CA (11.0.18+10) (build 11.0.18+10-LTS)
# Java VM: OpenJDK 64-Bit Server VM Zulu11.62+17-CA (11.0.18+10-LTS, mixed mode, tiered, compressed oops, g1 gc, windows-amd64)
Heap:
 garbage-first heap   total 312320K, used 20791K [0x0000000702200000, 0x0000000800000000)
  region size 1024K, 13 young (13312K), 13 survivors (13312K)
 Metaspace       used 51193K, capacity 52475K, committed 52736K, reserved 1095680K
  class space    used 6365K, capacity 6894K, committed 6912K, reserved 1048576K
GC Heap History (11 events):
Event: 0.438 GC heap before
{Heap before GC invocations=0 (full 0):
 garbage-first heap   total 260096K, used 24576K [0x0000000702200000, 0x0000000800000000)
  region size 1024K, 24 young (24576K), 0 survivors (0K)
 Metaspace       used 11297K, capacity 11515K, committed 11648K, reserved 1060864K
  class space    used 1053K, capacity 1132K, committed 1152K, reserved 1048576K
}
Event: 0.440 GC heap after
{Heap after GC invocations=1 (full 0):
 garbage-first heap   total 260096K, used 8093K [0x0000000702200000, 0x0000000800000000)
  region size 1024K, 3 young (3072K), 3 survivors (3072K)
 Metaspace       used 11297K, capacity 11515K, committed 11648K, reserved 1060864K
  class space    used 1053K, capacity 1132K, committed 1152K, reserved 1048576K
}
Event: 0.901 GC heap before
{Heap before GC invocations=1 (full 0):
 garbage-first heap   total 260096K, used 56221K [0x0000000702200000, 0x0000000800000000)
  region size 1024K, 51 young (52224K), 3 survivors (3072K)
 Metaspace       used 20622K, capacity 21134K, committed 21248K, reserved 1069056K
  class space    used 2290K, capacity 2499K, committed 2560K, reserved 1048576K
}
Event: 0.905 GC heap after
{Heap after GC invocations=2 (full 0):
 garbage-first heap   total 260096K, used 9854K [0x0000000702200000, 0x0000000800000000)
  region size 1024K, 5 young (5120K), 5 survivors (5120K)
 Metaspace       used 20622K, capacity 21134K, committed 21248K, reserved 1069056K
  class space    used 2290K, capacity 2499K, committed 2560K, reserved 1048576K
}
Event: 1.222 GC heap before
{Heap before GC invocations=3 (full 0):
 garbage-first heap   total 260096K, used 62078K [0x0000000702200000, 0x0000000800000000)
  region size 1024K, 56 young (57344K), 5 survivors (5120K)
 Metaspace       used 27684K, capacity 28275K, committed 28544K, reserved 1075200K
  class space    used 3165K, capacity 3383K, committed 3456K, reserved 1048576K
}
Event: 1.225 GC heap after
{Heap after GC invocations=4 (full 0):
 garbage-first heap   total 260096K, used 12234K [0x0000000702200000, 0x0000000800000000)
  region size 1024K, 5 young (5120K), 5 survivors (5120K)
 Metaspace       used 27684K, capacity 28275K, committed 28544K, reserved 1075200K
  class space    used 3165K, capacity 3383K, committed 3456K, reserved 1048576K
}
Event: 1.726 GC heap before
{Heap before GC invocations=4 (full 0):
 garbage-first heap   total 260096K, used 86986K [0x0000000702200000, 0x0000000800000000)
  region size 1024K, 78 young (79872K), 5 survivors (5120K)
 Metaspace       used 34644K, capacity 35460K, committed 35584K, reserved 1081344K
  class space    used 4033K, capacity 4350K, committed 4352K, reserved 1048576K
}
Event: 1.729 GC heap after
{Heap after GC invocations=5 (full 0):
 garbage-first heap   total 260096K, used 14889K [0x0000000702200000, 0x0000000800000000)
  region size 1024K, 7 young (7168K), 7 survivors (7168K)
 Metaspace       used 34644K, capacity 35460K, committed 35584K, reserved 1081344K
  class space    used 4033K, capacity 4350K, committed 4352K, reserved 1048576K
}
Event: 1.753 GC heap before
{Heap before GC invocations=5 (full 0):
 garbage-first heap   total 260096K, used 16937K [0x0000000702200000, 0x0000000800000000)
  region size 1024K, 10 young (10240K), 7 survivors (7168K)
 Metaspace       used 34934K, capacity 35723K, committed 35840K, reserved 1081344K
  class space    used 4101K, capacity 4417K, committed 4480K, reserved 1048576K
}
Event: 1.757 GC heap after
{Heap after GC invocations=6 (full 0):
 garbage-first heap   total 260096K, used 15036K [0x0000000702200000, 0x0000000800000000)
  region size 1024K, 7 young (7168K), 7 survivors (7168K)
 Metaspace       used 34934K, capacity 35723K, committed 35840K, reserved 1081344K
  class space    used 4101K, capacity 4417K, committed 4480K, reserved 1048576K
}
Event: 3.359 GC heap before
{Heap before GC invocations=7 (full 0):
 garbage-first heap   total 260096K, used 144060K [0x0000000702200000, 0x0000000800000000)
  region size 1024K, 133 young (136192K), 7 survivors (7168K)
 Metaspace       used 51193K, capacity 52475K, committed 52736K, reserved 1095680K
  class space    used 6365K, capacity 6894K, committed 6912K, reserved 1048576K
}

