# JRE version: OpenJDK Runtime Environment Zulu11.62+17-CA (11.0.18+10) (build 11.0.18+10-LTS)
# Java VM: OpenJDK 64-Bit Server VM Zulu11.62+17-CA (11.0.18+10-LTS, mixed mode, tiered, compressed oops, g1 gc, windows-amd64)
Heap:
 garbage-first heap   total 260096K, used 102842K [0x0000000702200000, 0x0000000800000000)
  region size 1024K, 94 young (96256K), 7 survivors (7168K)
 Metaspace       used 44687K, capacity 45797K, committed 45824K, reserved 1093632K
  class space    used 5397K, capacity 5865K, committed 5888K, reserved 1048576K
GC Heap History (10 events):
Event: 0.447 GC heap before
{Heap before GC invocations=0 (full 0):
 garbage-first heap   total 260096K, used 24576K [0x0000000702200000, 0x0000000800000000)
  region size 1024K, 24 young (24576K), 0 survivors (0K)
 Metaspace       used 11326K, capacity 11515K, committed 11648K, reserved 1060864K
  class space    used 1056K, capacity 1132K, committed 1152K, reserved 1048576K
}
Event: 0.450 GC heap after
{Heap after GC invocations=1 (full 0):
 garbage-first heap   total 260096K, used 8184K [0x0000000702200000, 0x0000000800000000)
  region size 1024K, 3 young (3072K), 3 survivors (3072K)
 Metaspace       used 11326K, capacity 11515K, committed 11648K, reserved 1060864K
  class space    used 1056K, capacity 1132K, committed 1152K, reserved 1048576K
}
Event: 0.915 GC heap before
{Heap before GC invocations=1 (full 0):
 garbage-first heap   total 260096K, used 56312K [0x0000000702200000, 0x0000000800000000)
  region size 1024K, 51 young (52224K), 3 survivors (3072K)
 Metaspace       used 20644K, capacity 21105K, committed 21248K, reserved 1069056K
  class space    used 2283K, capacity 2467K, committed 2560K, reserved 1048576K
}
Event: 0.919 GC heap after
{Heap after GC invocations=2 (full 0):
 garbage-first heap   total 260096K, used 10052K [0x0000000702200000, 0x0000000800000000)
  region size 1024K, 5 young (5120K), 5 survivors (5120K)
 Metaspace       used 20644K, capacity 21105K, committed 21248K, reserved 1069056K
  class space    used 2283K, capacity 2467K, committed 2560K, reserved 1048576K
}
Event: 1.055 GC heap before
{Heap before GC invocations=3 (full 0):
 garbage-first heap   total 260096K, used 30532K [0x0000000702200000, 0x0000000800000000)
  region size 1024K, 26 young (26624K), 5 survivors (5120K)
 Metaspace       used 23403K, capacity 23954K, committed 24192K, reserved 1071104K
  class space    used 2731K, capacity 2923K, committed 2944K, reserved 1048576K
}
Event: 1.059 GC heap after
{Heap after GC invocations=4 (full 0):
 garbage-first heap   total 260096K, used 10911K [0x0000000702200000, 0x0000000800000000)
  region size 1024K, 3 young (3072K), 3 survivors (3072K)
 Metaspace       used 23403K, capacity 23954K, committed 24192K, reserved 1071104K
  class space    used 2731K, capacity 2923K, committed 2944K, reserved 1048576K
}
Event: 1.412 GC heap before
{Heap before GC invocations=4 (full 0):
 garbage-first heap   total 260096K, used 72351K [0x0000000702200000, 0x0000000800000000)
  region size 1024K, 64 young (65536K), 3 survivors (3072K)
 Metaspace       used 30893K, capacity 31535K, committed 31744K, reserved 1077248K
  class space    used 3538K, capacity 3790K, committed 3840K, reserved 1048576K
}
Event: 1.415 GC heap after
{Heap after GC invocations=5 (full 0):
 garbage-first heap   total 260096K, used 13700K [0x0000000702200000, 0x0000000800000000)
  region size 1024K, 6 young (6144K), 6 survivors (6144K)
 Metaspace       used 30893K, capacity 31535K, committed 31744K, reserved 1077248K
  class space    used 3538K, capacity 3790K, committed 3840K, reserved 1048576K
}
Event: 1.814 GC heap before
{Heap before GC invocations=5 (full 0):
 garbage-first heap   total 260096K, used 58756K [0x0000000702200000, 0x0000000800000000)
  region size 1024K, 51 young (52224K), 6 survivors (6144K)
 Metaspace       used 34931K, capacity 35725K, committed 35840K, reserved 1081344K
  class space    used 4100K, capacity 4417K, committed 4480K, reserved 1048576K
}
Event: 1.819 GC heap after
{Heap after GC invocations=6 (full 0):
 garbage-first heap   total 260096K, used 14778K [0x0000000702200000, 0x0000000800000000)
  region size 1024K, 7 young (7168K), 7 survivors (7168K)
 Metaspace       used 34931K, capacity 35725K, committed 35840K, reserved 1081344K
  class space    used 4100K, capacity 4417K, committed 4480K, reserved 1048576K
}

