# JRE version: OpenJDK Runtime Environment Zulu11.62+17-CA (11.0.18+10) (build 11.0.18+10-LTS)
# Java VM: OpenJDK 64-Bit Server VM Zulu11.62+17-CA (11.0.18+10-LTS, mixed mode, tiered, compressed oops, g1 gc, windows-amd64)
Heap:
 garbage-first heap   total 312320K, used 174724K [0x0000000702200000, 0x0000000800000000)
  region size 1024K, 163 young (166912K), 14 survivors (14336K)
 Metaspace       used 78346K, capacity 80129K, committed 80256K, reserved 1118208K
  class space    used 9866K, capacity 10566K, committed 10624K, reserved 1048576K
GC Heap History (14 events):
Event: 0.509 GC heap before
{Heap before GC invocations=0 (full 0):
 garbage-first heap   total 260096K, used 24576K [0x0000000702200000, 0x0000000800000000)
  region size 1024K, 24 young (24576K), 0 survivors (0K)
 Metaspace       used 11441K, capacity 11710K, committed 11904K, reserved 1060864K
  class space    used 1067K, capacity 1133K, committed 1152K, reserved 1048576K
}
Event: 0.512 GC heap after
{Heap after GC invocations=1 (full 0):
 garbage-first heap   total 260096K, used 7673K [0x0000000702200000, 0x0000000800000000)
  region size 1024K, 3 young (3072K), 3 survivors (3072K)
 Metaspace       used 11441K, capacity 11710K, committed 11904K, reserved 1060864K
  class space    used 1067K, capacity 1133K, committed 1152K, reserved 1048576K
}
Event: 0.979 GC heap before
{Heap before GC invocations=1 (full 0):
 garbage-first heap   total 260096K, used 54777K [0x0000000702200000, 0x0000000800000000)
  region size 1024K, 50 young (51200K), 3 survivors (3072K)
 Metaspace       used 20640K, capacity 21113K, committed 21248K, reserved 1069056K
  class space    used 2289K, capacity 2469K, committed 2560K, reserved 1048576K
}
Event: 0.983 GC heap after
{Heap after GC invocations=2 (full 0):
 garbage-first heap   total 260096K, used 9944K [0x0000000702200000, 0x0000000800000000)
  region size 1024K, 6 young (6144K), 6 survivors (6144K)
 Metaspace       used 20640K, capacity 21113K, committed 21248K, reserved 1069056K
  class space    used 2289K, capacity 2469K, committed 2560K, reserved 1048576K
}
Event: 1.267 GC heap before
{Heap before GC invocations=3 (full 0):
 garbage-first heap   total 260096K, used 50904K [0x0000000702200000, 0x0000000800000000)
  region size 1024K, 47 young (48128K), 6 survivors (6144K)
 Metaspace       used 26504K, capacity 27081K, committed 27136K, reserved 1073152K
  class space    used 3041K, capacity 3283K, committed 3328K, reserved 1048576K
}
Event: 1.271 GC heap after
{Heap after GC invocations=4 (full 0):
 garbage-first heap   total 260096K, used 11651K [0x0000000702200000, 0x0000000800000000)
  region size 1024K, 4 young (4096K), 4 survivors (4096K)
 Metaspace       used 26504K, capacity 27081K, committed 27136K, reserved 1073152K
  class space    used 3041K, capacity 3283K, committed 3328K, reserved 1048576K
}
Event: 1.740 GC heap before
{Heap before GC invocations=4 (full 0):
 garbage-first heap   total 260096K, used 80259K [0x0000000702200000, 0x0000000800000000)
  region size 1024K, 72 young (73728K), 4 survivors (4096K)
 Metaspace       used 33585K, capacity 34295K, committed 34432K, reserved 1079296K
  class space    used 3861K, capacity 4129K, committed 4224K, reserved 1048576K
}
Event: 1.743 GC heap after
{Heap after GC invocations=5 (full 0):
 garbage-first heap   total 260096K, used 13954K [0x0000000702200000, 0x0000000800000000)
  region size 1024K, 7 young (7168K), 7 survivors (7168K)
 Metaspace       used 33585K, capacity 34295K, committed 34432K, reserved 1079296K
  class space    used 3861K, capacity 4129K, committed 4224K, reserved 1048576K
}
Event: 1.874 GC heap before
{Heap before GC invocations=5 (full 0):
 garbage-first heap   total 260096K, used 27266K [0x0000000702200000, 0x0000000800000000)
  region size 1024K, 21 young (21504K), 7 survivors (7168K)
 Metaspace       used 35042K, capacity 35800K, committed 35840K, reserved 1081344K
  class space    used 4138K, capacity 4463K, committed 4480K, reserved 1048576K
}
Event: 1.878 GC heap after
{Heap after GC invocations=6 (full 0):
 garbage-first heap   total 260096K, used 14442K [0x0000000702200000, 0x0000000800000000)
  region size 1024K, 7 young (7168K), 7 survivors (7168K)
 Metaspace       used 35042K, capacity 35800K, committed 35840K, reserved 1081344K
  class space    used 4138K, capacity 4463K, committed 4480K, reserved 1048576K
}
Event: 3.375 GC heap before
{Heap before GC invocations=7 (full 0):
 garbage-first heap   total 260096K, used 128106K [0x0000000702200000, 0x0000000800000000)
  region size 1024K, 118 young (120832K), 7 survivors (7168K)
 Metaspace       used 49472K, capacity 50663K, committed 50688K, reserved 1093632K
  class space    used 6183K, capacity 6653K, committed 6656K, reserved 1048576K
}
Event: 3.381 GC heap after
{Heap after GC invocations=8 (full 0):
 garbage-first heap   total 260096K, used 19440K [0x0000000702200000, 0x0000000800000000)
  region size 1024K, 12 young (12288K), 12 survivors (12288K)
 Metaspace       used 49472K, capacity 50663K, committed 50688K, reserved 1093632K
  class space    used 6183K, capacity 6653K, committed 6656K, reserved 1048576K
}
Event: 3.932 GC heap before
{Heap before GC invocations=8 (full 0):
 garbage-first heap   total 260096K, used 52208K [0x0000000702200000, 0x0000000800000000)
  region size 1024K, 45 young (46080K), 12 survivors (12288K)
 Metaspace       used 58710K, capacity 60033K, committed 60160K, reserved 1101824K
  class space    used 7299K, capacity 7844K, committed 7936K, reserved 1048576K
}
Event: 3.943 GC heap after
{Heap after GC invocations=9 (full 0):
 garbage-first heap   total 312320K, used 23172K [0x0000000702200000, 0x0000000800000000)
  region size 1024K, 14 young (14336K), 14 survivors (14336K)
 Metaspace       used 58710K, capacity 60033K, committed 60160K, reserved 1101824K
  class space    used 7299K, capacity 7844K, committed 7936K, reserved 1048576K
}

