# JRE version: OpenJDK Runtime Environment Zulu11.62+17-CA (11.0.18+10) (build 11.0.18+10-LTS)
# Java VM: OpenJDK 64-Bit Server VM Zulu11.62+17-CA (11.0.18+10-LTS, mixed mode, tiered, compressed oops, g1 gc, windows-amd64)
Heap:
 garbage-first heap   total 312320K, used 19607K [0x0000000702200000, 0x0000000800000000)
  region size 1024K, 12 young (12288K), 12 survivors (12288K)
 Metaspace       used 48690K, capacity 49921K, committed 50048K, reserved 1093632K
  class space    used 6019K, capacity 6491K, committed 6528K, reserved 1048576K
GC Heap History (11 events):
Event: 0.433 GC heap before
{Heap before GC invocations=0 (full 0):
 garbage-first heap   total 260096K, used 24576K [0x0000000702200000, 0x0000000800000000)
  region size 1024K, 24 young (24576K), 0 survivors (0K)
 Metaspace       used 11441K, capacity 11710K, committed 11904K, reserved 1060864K
  class space    used 1067K, capacity 1133K, committed 1152K, reserved 1048576K
}
Event: 0.436 GC heap after
{Heap after GC invocations=1 (full 0):
 garbage-first heap   total 260096K, used 7725K [0x0000000702200000, 0x0000000800000000)
  region size 1024K, 3 young (3072K), 3 survivors (3072K)
 Metaspace       used 11441K, capacity 11710K, committed 11904K, reserved 1060864K
  class space    used 1067K, capacity 1133K, committed 1152K, reserved 1048576K
}
Event: 0.865 GC heap before
{Heap before GC invocations=1 (full 0):
 garbage-first heap   total 260096K, used 53805K [0x0000000702200000, 0x0000000800000000)
  region size 1024K, 49 young (50176K), 3 survivors (3072K)
 Metaspace       used 20624K, capacity 21110K, committed 21248K, reserved 1069056K
  class space    used 2281K, capacity 2468K, committed 2560K, reserved 1048576K
}
Event: 0.869 GC heap after
{Heap after GC invocations=2 (full 0):
 garbage-first heap   total 260096K, used 9773K [0x0000000702200000, 0x0000000800000000)
  region size 1024K, 5 young (5120K), 5 survivors (5120K)
 Metaspace       used 20624K, capacity 21110K, committed 21248K, reserved 1069056K
  class space    used 2281K, capacity 2468K, committed 2560K, reserved 1048576K
}
Event: 1.132 GC heap before
{Heap before GC invocations=3 (full 0):
 garbage-first heap   total 260096K, used 53805K [0x0000000702200000, 0x0000000800000000)
  region size 1024K, 48 young (49152K), 5 survivors (5120K)
 Metaspace       used 26781K, capacity 27389K, committed 27648K, reserved 1073152K
  class space    used 3057K, capacity 3279K, committed 3328K, reserved 1048576K
}
Event: 1.135 GC heap after
{Heap after GC invocations=4 (full 0):
 garbage-first heap   total 260096K, used 11827K [0x0000000702200000, 0x0000000800000000)
  region size 1024K, 4 young (4096K), 4 survivors (4096K)
 Metaspace       used 26781K, capacity 27389K, committed 27648K, reserved 1073152K
  class space    used 3057K, capacity 3279K, committed 3328K, reserved 1048576K
}
Event: 1.572 GC heap before
{Heap before GC invocations=4 (full 0):
 garbage-first heap   total 260096K, used 79411K [0x0000000702200000, 0x0000000800000000)
  region size 1024K, 71 young (72704K), 4 survivors (4096K)
 Metaspace       used 33617K, capacity 34365K, committed 34688K, reserved 1079296K
  class space    used 3863K, capacity 4131K, committed 4224K, reserved 1048576K
}
Event: 1.574 GC heap after
{Heap after GC invocations=5 (full 0):
 garbage-first heap   total 260096K, used 14118K [0x0000000702200000, 0x0000000800000000)
  region size 1024K, 7 young (7168K), 7 survivors (7168K)
 Metaspace       used 33617K, capacity 34365K, committed 34688K, reserved 1079296K
  class space    used 3863K, capacity 4131K, committed 4224K, reserved 1048576K
}
Event: 1.697 GC heap before
{Heap before GC invocations=5 (full 0):
 garbage-first heap   total 260096K, used 27430K [0x0000000702200000, 0x0000000800000000)
  region size 1024K, 21 young (21504K), 7 survivors (7168K)
 Metaspace       used 35015K, capacity 35793K, committed 35840K, reserved 1081344K
  class space    used 4131K, capacity 4460K, committed 4480K, reserved 1048576K
}
Event: 1.701 GC heap after
{Heap after GC invocations=6 (full 0):
 garbage-first heap   total 260096K, used 14786K [0x0000000702200000, 0x0000000800000000)
  region size 1024K, 7 young (7168K), 7 survivors (7168K)
 Metaspace       used 35015K, capacity 35793K, committed 35840K, reserved 1081344K
  class space    used 4131K, capacity 4460K, committed 4480K, reserved 1048576K
}
Event: 3.120 GC heap before
{Heap before GC invocations=7 (full 0):
 garbage-first heap   total 260096K, used 126402K [0x0000000702200000, 0x0000000800000000)
  region size 1024K, 116 young (118784K), 7 survivors (7168K)
 Metaspace       used 48690K, capacity 49921K, committed 50048K, reserved 1093632K
  class space    used 6019K, capacity 6491K, committed 6528K, reserved 1048576K
}

