# JRE version: OpenJDK Runtime Environment Zulu11.62+17-CA (11.0.18+10) (build 11.0.18+10-LTS)
# Java VM: OpenJDK 64-Bit Server VM Zulu11.62+17-CA (11.0.18+10-LTS, mixed mode, tiered, compressed oops, g1 gc, windows-amd64)
Heap:
 garbage-first heap   total 312320K, used 27912K [0x0000000702200000, 0x0000000800000000)
  region size 1024K, 14 young (14336K), 14 survivors (14336K)
 Metaspace       used 75060K, capacity 76744K, committed 76800K, reserved 1124352K
  class space    used 9507K, capacity 10184K, committed 10240K, reserved 1048576K
GC Heap History (14 events):
Event: 0.456 GC heap before
{Heap before GC invocations=0 (full 0):
 garbage-first heap   total 260096K, used 24576K [0x0000000702200000, 0x0000000800000000)
  region size 1024K, 24 young (24576K), 0 survivors (0K)
 Metaspace       used 11440K, capacity 11710K, committed 11904K, reserved 1060864K
  class space    used 1066K, capacity 1133K, committed 1152K, reserved 1048576K
}
Event: 0.459 GC heap after
{Heap after GC invocations=1 (full 0):
 garbage-first heap   total 260096K, used 7597K [0x0000000702200000, 0x0000000800000000)
  region size 1024K, 3 young (3072K), 3 survivors (3072K)
 Metaspace       used 11440K, capacity 11710K, committed 11904K, reserved 1060864K
  class space    used 1066K, capacity 1133K, committed 1152K, reserved 1048576K
}
Event: 0.893 GC heap before
{Heap before GC invocations=1 (full 0):
 garbage-first heap   total 260096K, used 54701K [0x0000000702200000, 0x0000000800000000)
  region size 1024K, 50 young (51200K), 3 survivors (3072K)
 Metaspace       used 20643K, capacity 21117K, committed 21248K, reserved 1069056K
  class space    used 2289K, capacity 2470K, committed 2560K, reserved 1048576K
}
Event: 0.897 GC heap after
{Heap after GC invocations=2 (full 0):
 garbage-first heap   total 260096K, used 9582K [0x0000000702200000, 0x0000000800000000)
  region size 1024K, 5 young (5120K), 5 survivors (5120K)
 Metaspace       used 20643K, capacity 21117K, committed 21248K, reserved 1069056K
  class space    used 2289K, capacity 2470K, committed 2560K, reserved 1048576K
}
Event: 1.191 GC heap before
{Heap before GC invocations=3 (full 0):
 garbage-first heap   total 260096K, used 56686K [0x0000000702200000, 0x0000000800000000)
  region size 1024K, 52 young (53248K), 5 survivors (5120K)
 Metaspace       used 27355K, capacity 27989K, committed 28288K, reserved 1075200K
  class space    used 3106K, capacity 3352K, committed 3456K, reserved 1048576K
}
Event: 1.195 GC heap after
{Heap after GC invocations=4 (full 0):
 garbage-first heap   total 260096K, used 11818K [0x0000000702200000, 0x0000000800000000)
  region size 1024K, 5 young (5120K), 5 survivors (5120K)
 Metaspace       used 27355K, capacity 27989K, committed 28288K, reserved 1075200K
  class space    used 3106K, capacity 3352K, committed 3456K, reserved 1048576K
}
Event: 1.685 GC heap before
{Heap before GC invocations=4 (full 0):
 garbage-first heap   total 260096K, used 82474K [0x0000000702200000, 0x0000000800000000)
  region size 1024K, 75 young (76800K), 5 survivors (5120K)
 Metaspace       used 34226K, capacity 35007K, committed 35328K, reserved 1081344K
  class space    used 3960K, capacity 4259K, committed 4352K, reserved 1048576K
}
Event: 1.687 GC heap after
{Heap after GC invocations=5 (full 0):
 garbage-first heap   total 260096K, used 13962K [0x0000000702200000, 0x0000000800000000)
  region size 1024K, 7 young (7168K), 7 survivors (7168K)
 Metaspace       used 34226K, capacity 35007K, committed 35328K, reserved 1081344K
  class space    used 3960K, capacity 4259K, committed 4352K, reserved 1048576K
}
Event: 1.753 GC heap before
{Heap before GC invocations=5 (full 0):
 garbage-first heap   total 260096K, used 21130K [0x0000000702200000, 0x0000000800000000)
  region size 1024K, 15 young (15360K), 7 survivors (7168K)
 Metaspace       used 34998K, capacity 35796K, committed 35840K, reserved 1081344K
  class space    used 4132K, capacity 4460K, committed 4480K, reserved 1048576K
}
Event: 1.757 GC heap after
{Heap after GC invocations=6 (full 0):
 garbage-first heap   total 260096K, used 14324K [0x0000000702200000, 0x0000000800000000)
  region size 1024K, 7 young (7168K), 7 survivors (7168K)
 Metaspace       used 34998K, capacity 35796K, committed 35840K, reserved 1081344K
  class space    used 4132K, capacity 4460K, committed 4480K, reserved 1048576K
}
Event: 3.823 GC heap before
{Heap before GC invocations=7 (full 0):
 garbage-first heap   total 260096K, used 162804K [0x0000000702200000, 0x0000000800000000)
  region size 1024K, 152 young (155648K), 7 survivors (7168K)
 Metaspace       used 58661K, capacity 59971K, committed 60160K, reserved 1101824K
  class space    used 7298K, capacity 7844K, committed 7936K, reserved 1048576K
}
Event: 3.830 GC heap after
{Heap after GC invocations=8 (full 0):
 garbage-first heap   total 312320K, used 22638K [0x0000000702200000, 0x0000000800000000)
  region size 1024K, 15 young (15360K), 15 survivors (15360K)
 Metaspace       used 58661K, capacity 59971K, committed 60160K, reserved 1101824K
  class space    used 7298K, capacity 7844K, committed 7936K, reserved 1048576K
}
Event: 3.840 GC heap before
{Heap before GC invocations=8 (full 0):
 garbage-first heap   total 312320K, used 22638K [0x0000000702200000, 0x0000000800000000)
  region size 1024K, 16 young (16384K), 15 survivors (15360K)
 Metaspace       used 58753K, capacity 60038K, committed 60160K, reserved 1101824K
  class space    used 7314K, capacity 7845K, committed 7936K, reserved 1048576K
}
Event: 3.850 GC heap after
{Heap after GC invocations=9 (full 0):
 garbage-first heap   total 312320K, used 22984K [0x0000000702200000, 0x0000000800000000)
  region size 1024K, 12 young (12288K), 12 survivors (12288K)
 Metaspace       used 58753K, capacity 60038K, committed 60160K, reserved 1101824K
  class space    used 7314K, capacity 7845K, committed 7936K, reserved 1048576K
}

