# JRE version: OpenJDK Runtime Environment Zulu11.62+17-CA (11.0.18+10) (build 11.0.18+10-LTS)
# Java VM: OpenJDK 64-Bit Server VM Zulu11.62+17-CA (11.0.18+10-LTS, mixed mode, tiered, compressed oops, g1 gc, windows-amd64)
Heap:
 garbage-first heap   total 260096K, used 52018K [0x0000000702200000, 0x0000000800000000)
  region size 1024K, 45 young (46080K), 5 survivors (5120K)
 Metaspace       used 31399K, capacity 32101K, committed 32384K, reserved 1077248K
  class space    used 3594K, capacity 3870K, committed 3968K, reserved 1048576K
GC Heap History (6 events):
Event: 0.432 GC heap before
{Heap before GC invocations=0 (full 0):
 garbage-first heap   total 260096K, used 24576K [0x0000000702200000, 0x0000000800000000)
  region size 1024K, 24 young (24576K), 0 survivors (0K)
 Metaspace       used 11432K, capacity 11646K, committed 11904K, reserved 1060864K
  class space    used 1067K, capacity 1133K, committed 1152K, reserved 1048576K
}
Event: 0.434 GC heap after
{Heap after GC invocations=1 (full 0):
 garbage-first heap   total 260096K, used 7724K [0x0000000702200000, 0x0000000800000000)
  region size 1024K, 3 young (3072K), 3 survivors (3072K)
 Metaspace       used 11432K, capacity 11646K, committed 11904K, reserved 1060864K
  class space    used 1067K, capacity 1133K, committed 1152K, reserved 1048576K
}
Event: 0.889 GC heap before
{Heap before GC invocations=1 (full 0):
 garbage-first heap   total 260096K, used 54828K [0x0000000702200000, 0x0000000800000000)
  region size 1024K, 50 young (51200K), 3 survivors (3072K)
 Metaspace       used 20697K, capacity 21154K, committed 21248K, reserved 1069056K
  class space    used 2295K, capacity 2503K, committed 2560K, reserved 1048576K
}
Event: 0.892 GC heap after
{Heap after GC invocations=2 (full 0):
 garbage-first heap   total 260096K, used 9766K [0x0000000702200000, 0x0000000800000000)
  region size 1024K, 5 young (5120K), 5 survivors (5120K)
 Metaspace       used 20697K, capacity 21154K, committed 21248K, reserved 1069056K
  class space    used 2295K, capacity 2503K, committed 2560K, reserved 1048576K
}
Event: 1.189 GC heap before
{Heap before GC invocations=3 (full 0):
 garbage-first heap   total 260096K, used 55846K [0x0000000702200000, 0x0000000800000000)
  region size 1024K, 51 young (52224K), 5 survivors (5120K)
 Metaspace       used 27390K, capacity 28056K, committed 28288K, reserved 1075200K
  class space    used 3112K, capacity 3352K, committed 3456K, reserved 1048576K
}
Event: 1.193 GC heap after
{Heap after GC invocations=4 (full 0):
 garbage-first heap   total 260096K, used 12082K [0x0000000702200000, 0x0000000800000000)
  region size 1024K, 5 young (5120K), 5 survivors (5120K)
 Metaspace       used 27390K, capacity 28056K, committed 28288K, reserved 1075200K
  class space    used 3112K, capacity 3352K, committed 3456K, reserved 1048576K
}

